<?xml version="1.0" encoding="UTF-8"?>
<testng-results ignored="0" total="2" passed="2" failed="0" skipped="0">
  <reporter-output>
  </reporter-output>
  <suite started-at="2024-09-09T17:52:42 IST" name="Suite" finished-at="2024-09-09T17:54:19 IST" duration-ms="97028">
    <groups>
    </groups>
    <test started-at="2024-09-09T17:52:42 IST" name="Test" finished-at="2024-09-09T17:54:19 IST" duration-ms="97028">
      <class name="FlightBookingTest.TestCaseRoundTrip_5">
        <test-method is-config="true" signature="launch_browser()[pri:0, instance:FlightBookingTest.TestCaseRoundTrip_5@25fb8912]" started-at="2024-09-09T17:52:42 IST" name="launch_browser" finished-at="2024-09-09T17:52:58 IST" duration-ms="15844" status="PASS">
          <reporter-output>
          </reporter-output>
        </test-method> <!-- launch_browser -->
        <test-method signature="Roundtrip()[pri:0, instance:FlightBookingTest.TestCaseRoundTrip_5@25fb8912]" started-at="2024-09-09T17:52:58 IST" name="Roundtrip" finished-at="2024-09-09T17:53:29 IST" duration-ms="30678" status="PASS">
          <reporter-output>
          </reporter-output>
        </test-method> <!-- Roundtrip -->
        <test-method is-config="true" signature="launch_quit()[pri:0, instance:FlightBookingTest.TestCaseRoundTrip_5@25fb8912]" started-at="2024-09-09T17:53:29 IST" name="launch_quit" finished-at="2024-09-09T17:53:29 IST" duration-ms="0" status="PASS">
          <reporter-output>
          </reporter-output>
        </test-method> <!-- launch_quit -->
      </class> <!-- FlightBookingTest.TestCaseRoundTrip_5 -->
      <class name="FlightBookingTest.TestCaseOneWay_4">
        <test-method is-config="true" signature="launch_browser()[pri:0, instance:FlightBookingTest.TestCaseOneWay_4@47d9a273]" started-at="2024-09-09T17:53:29 IST" name="launch_browser" finished-at="2024-09-09T17:53:50 IST" duration-ms="20677" status="PASS">
          <reporter-output>
          </reporter-output>
        </test-method> <!-- launch_browser -->
        <test-method signature="search_flight()[pri:0, instance:FlightBookingTest.TestCaseOneWay_4@47d9a273]" started-at="2024-09-09T17:53:50 IST" name="search_flight" finished-at="2024-09-09T17:54:19 IST" duration-ms="29650" status="PASS">
          <reporter-output>
          </reporter-output>
        </test-method> <!-- search_flight -->
        <test-method is-config="true" signature="launch_quit()[pri:0, instance:FlightBookingTest.TestCaseOneWay_4@47d9a273]" started-at="2024-09-09T17:54:19 IST" name="launch_quit" finished-at="2024-09-09T17:54:19 IST" duration-ms="1" status="PASS">
          <reporter-output>
          </reporter-output>
        </test-method> <!-- launch_quit -->
      </class> <!-- FlightBookingTest.TestCaseOneWay_4 -->
    </test> <!-- Test -->
  </suite> <!-- Suite -->
</testng-results>
